<?xml version="1.0" encoding="UTF-8"?>
<!-- Generated by org.testng.reporters.JUnitReportReporter -->
<testsuite hostname="REVANASIDDESH" failures="0" tests="1" name="Actitime.src.com.actitime.testscript.CustomerModule" time="44.994" errors="0" timestamp="2023-05-29T14:24:40 IST" skipped="0">
  <testcase classname="Actitime.src.com.actitime.testscript.CustomerModule" name="testCreateCustomer" time="44.994"/>
  <system-out>
    <![CDATA[Create Customer]]>
  </system-out>
</testsuite> <!-- Actitime.src.com.actitime.testscript.CustomerModule -->
