<?xml version="1.0" encoding="UTF-8"?>
<!-- Generated by org.testng.reporters.JUnitReportReporter -->
<testsuite hostname="REVANASIDDESH" failures="0" tests="1" name="testNgBaseClassAnnaotatiobn.userTitle" time="26.143" errors="0" timestamp="2023-05-09T13:10:36 IST" skipped="0">
  <testcase classname="testNgBaseClassAnnaotatiobn.userTitle" name="usersTitle" time="26.143"/>
  <system-out>
    <![CDATA[actiTIME - User List]]>
  </system-out>
</testsuite> <!-- testNgBaseClassAnnaotatiobn.userTitle -->
