<?xml version="1.0" encoding="UTF-8"?>
<!-- Generated by org.testng.reporters.JUnitReportReporter -->
<testsuite hostname="REVANASIDDESH" failures="0" tests="1" name="TestngGroupExecution.ProjectModule" time="0.014" errors="0" timestamp="2023-05-27T01:56:12 IST" skipped="0">
  <testcase classname="TestngGroupExecution.ProjectModule" name="ModifyModule" time="0.014"/>
  <system-out>
    <![CDATA[ModifyModule]]>
  </system-out>
</testsuite> <!-- TestngGroupExecution.ProjectModule -->
