<?xml version="1.0" encoding="UTF-8"?>
<!-- Generated by org.testng.reporters.JUnitReportReporter -->
<testsuite hostname="REVANASIDDESH" failures="0" tests="1" name="com.actitime.testscript.DemoScreenShot" time="7.641" errors="0" timestamp="2023-05-18T13:53:50 IST" skipped="0">
  <testcase classname="com.actitime.testscript.DemoScreenShot" name="screenShot" time="7.641"/>
  <system-out/>
</testsuite> <!-- com.actitime.testscript.DemoScreenShot -->
