<?xml version="1.0" encoding="UTF-8"?>
<!-- Generated by org.testng.reporters.JUnitReportReporter -->
<testsuite hostname="REVANASIDDESH" failures="0" tests="3" name="com.actitime.testng.BatchExicution" time="0.027" errors="0" timestamp="2023-05-04T10:34:16 IST" skipped="0">
  <testcase classname="com.actitime.testng.BatchExicution" name="ProjectModule" time="0.020"/>
  <system-out>
    <![CDATA[ProjectModule]]>
  </system-out>
  <testcase classname="com.actitime.testng.BatchExicution" name="CustomerModule" time="0.004"/>
  <system-out>
    <![CDATA[CustomerModule]]>
  </system-out>
  <testcase classname="com.actitime.testng.BatchExicution" name="TaskModule" time="0.003"/>
  <system-out>
    <![CDATA[TaskModule]]>
  </system-out>
</testsuite> <!-- com.actitime.testng.BatchExicution -->
