<?xml version="1.0" encoding="UTF-8"?>
<!-- Generated by org.testng.reporters.JUnitReportReporter -->
<testsuite hostname="REVANASIDDESH" failures="0" tests="1" name="testNgBaseClassAnnaotatiobn.taskTitle" time="21.910" errors="0" timestamp="2023-05-09T13:10:36 IST" skipped="0">
  <testcase classname="testNgBaseClassAnnaotatiobn.taskTitle" name="tasksList" time="21.910"/>
  <system-out>
    <![CDATA[actiTIME - Task List]]>
  </system-out>
</testsuite> <!-- testNgBaseClassAnnaotatiobn.taskTitle -->
