<?xml version="1.0" encoding="UTF-8"?>
<!-- Generated by org.testng.reporters.JUnitReportReporter -->
<testsuite hostname="REVANASIDDESH" failures="0" tests="1" name="testNgBaseClassAnnaotatiobn.timeTrack" time="15.837" errors="0" timestamp="2023-05-09T13:10:36 IST" skipped="0">
  <testcase classname="testNgBaseClassAnnaotatiobn.timeTrack" name="titleTrack" time="15.837"/>
  <system-out>
    <![CDATA[actiTIME - Enter Time-Track]]>
  </system-out>
</testsuite> <!-- testNgBaseClassAnnaotatiobn.timeTrack -->
