<?xml version="1.0" encoding="UTF-8"?>
<!-- Generated by org.testng.reporters.JUnitReportReporter -->
<testsuite hostname="REVANASIDDESH" failures="0" tests="4" name="testngAnnotation.customerModule2" time="0.028" errors="0" timestamp="2023-05-05T18:50:02 IST" skipped="0">
  <testcase classname="testngAnnotation.customerModule2" name="deletCustomer" time="0.010"/>
  <system-out>
    <![CDATA[deleteCustomer]]>
  </system-out>
  <testcase classname="testngAnnotation.customerModule2" name="registerCustomer" time="0.005"/>
  <system-out>
    <![CDATA[registerCustomer]]>
  </system-out>
  <testcase classname="testngAnnotation.customerModule2" name="editCustomer" time="0.003"/>
  <system-out>
    <![CDATA[editCustomer]]>
  </system-out>
  <testcase classname="testngAnnotation.customerModule2" name="editCustomer" time="0.010"/>
  <system-out>
    <![CDATA[editCustomer]]>
  </system-out>
</testsuite> <!-- testngAnnotation.customerModule2 -->
