<?xml version="1.0" encoding="UTF-8"?>
<!-- Generated by org.testng.reporters.JUnitReportReporter -->
<testsuite hostname="REVANASIDDESH" failures="0" tests="1" name="com.actitime.pom.DemoScreenShot" time="8.844" errors="0" timestamp="2023-05-18T13:25:04 IST" skipped="0">
  <testcase classname="com.actitime.pom.DemoScreenShot" name="screenShot" time="8.844"/>
  <system-out/>
</testsuite> <!-- com.actitime.pom.DemoScreenShot -->
