<?xml version="1.0" encoding="UTF-8"?>
<!-- Generated by org.testng.reporters.JUnitReportReporter -->
<testsuite hostname="REVANASIDDESH" failures="0" tests="1" name="TestngGroupExecution.TaskModule" time="0.008" errors="0" timestamp="2023-05-27T01:56:12 IST" skipped="0">
  <testcase classname="TestngGroupExecution.TaskModule" name="CreateTask" time="0.008"/>
  <system-out>
    <![CDATA[CreateTask]]>
  </system-out>
</testsuite> <!-- TestngGroupExecution.TaskModule -->
