<?xml version="1.0" encoding="UTF-8"?>
<!-- Generated by org.testng.reporters.JUnitReportReporter -->
<testsuite hostname="REVANASIDDESH" failures="0" tests="1" name="testNgBaseClassAnnaotatiobn.reportsTitle" time="29.602" errors="0" timestamp="2023-05-09T13:10:36 IST" skipped="0">
  <testcase classname="testNgBaseClassAnnaotatiobn.reportsTitle" name="Report" time="29.602"/>
  <system-out>
    <![CDATA[actiTIME - Reports Dashboard]]>
  </system-out>
</testsuite> <!-- testNgBaseClassAnnaotatiobn.reportsTitle -->
