<?xml version="1.0" encoding="UTF-8"?>
<!-- Generated by org.testng.reporters.JUnitReportReporter -->
<testsuite hostname="REVANASIDDESH" failures="0" tests="2" name="testngAnnotation.customerModule" time="0.013" errors="0" timestamp="2023-05-05T18:50:02 IST" skipped="0">
  <testcase classname="testngAnnotation.customerModule" name="creatCustomer" time="0.008"/>
  <system-out>
    <![CDATA[CreatCustomer]]>
  </system-out>
  <testcase classname="testngAnnotation.customerModule" name="deleteCustomer" time="0.005"/>
  <system-out>
    <![CDATA[deleteCustomer]]>
  </system-out>
</testsuite> <!-- testngAnnotation.customerModule -->
