<?xml version="1.0" encoding="UTF-8"?>
<!-- Generated by org.testng.reporters.JUnitReportReporter -->
<testsuite hostname="REVANASIDDESH" failures="0" tests="1" name="com.actitime.testng.demoTestng" time="0.003" errors="0" timestamp="2023-05-03T16:41:30 IST" skipped="0">
  <testcase classname="com.actitime.testng.demoTestng" name="demoTest" time="0.003"/>
  <system-out>
    <![CDATA[hi
bye
Good]]>
  </system-out>
</testsuite> <!-- com.actitime.testng.demoTestng -->
