<?xml version="1.0" encoding="UTF-8"?>
<!-- Generated by org.testng.reporters.JUnitReportReporter -->
<testsuite hostname="REVANASIDDESH" failures="0" tests="1" name="com.actitime.testng.DemoAssertion" time="6.968" errors="0" timestamp="2023-05-03T18:31:42 IST" skipped="0">
  <testcase classname="com.actitime.testng.DemoAssertion" name="VerifyTitle" time="6.968"/>
  <system-out/>
</testsuite> <!-- com.actitime.testng.DemoAssertion -->
